<?xml version="1.0" encoding="UTF-8"?>
<!-- Generated by org.testng.reporters.JUnitXMLReporter -->
<testsuite hostname="CDC2-D-CGSRXJ2" ignored="0" name="Default test" tests="3" failures="0" timestamp="2019-09-17T12:05:42 IST" time="0.133" errors="0">
  <testcase name="testlogin" time="0.006" classname="testng.Login">
    <skipped/>
  </testcase> <!-- testlogin -->
  <testcase name="password" time="0.0" classname="testng.Login">
    <skipped/>
  </testcase> <!-- password -->
  <testcase name="logout" time="0.0" classname="testng.Login">
    <skipped/>
  </testcase> <!-- logout -->
</testsuite> <!-- Default test -->
